<?xml version="1.0" encoding="UTF-8"?>
<testsuite xmlns:xsi="http://www.w3.org/2001/XMLSchema-instance" xsi:noNamespaceSchemaLocation="https://maven.apache.org/surefire/maven-surefire-plugin/xsd/surefire-test-report.xsd" name="resources.CucumberTest" time="21.98" tests="4" errors="0" skipped="0" failures="4">
  <properties>
[...]
</properties>
  <testcase name="El cliente hace la llamada POST /login a la API #1" classname="resources.CucumberTest" time="9.688">
    <failure message="Error en la llamada http" type="java.lang.AssertionError">java.lang.AssertionError: Error en la llamada http
</failure>
    <system-out><![CDATA[01:08:15.919 [main] DEBUG org.springframework.test.context.BootstrapUtils - Instantiating CacheAwareContextLoaderDelegate from class [org.springframework.test.context.cache.DefaultCacheAwareContextLoaderDelegate]
01:08:15.942 [main] DEBUG org.springframework.test.context.BootstrapUtils - Instantiating BootstrapContext using constructor [public org.springframework.test.context.support.DefaultBootstrapContext(java.lang.Class,org.springframework.test.context.CacheAwareContextLoaderDelegate)]
01:08:16.033 [main] DEBUG org.springframework.test.context.BootstrapUtils - Instantiating TestContextBootstrapper for test class [com.example.demo.SigetGrupo2ApplicationTest] from class [org.springframework.boot.test.context.SpringBootTestContextBootstrapper]
01:08:16.067 [main] INFO org.springframework.boot.test.context.SpringBootTestContextBootstrapper - Neither @ContextConfiguration nor @ContextHierarchy found for test class [com.example.demo.SigetGrupo2ApplicationTest], using SpringBootContextLoader
01:08:16.073 [main] DEBUG org.springframework.test.context.support.AbstractContextLoader - Did not detect default resource location for test class [com.example.demo.SigetGrupo2ApplicationTest]: class path resource [com/example/demo/SigetGrupo2ApplicationTest-context.xml] does not exist
01:08:16.073 [main] DEBUG org.springframework.test.context.support.AbstractContextLoader - Did not detect default resource location for test class [com.example.demo.SigetGrupo2ApplicationTest]: class path resource [com/example/demo/SigetGrupo2ApplicationTestContext.groovy] does not exist
01:08:16.075 [main] INFO org.springframework.test.context.support.AbstractContextLoader - Could not detect default resource locations for test class [com.example.demo.SigetGrupo2ApplicationTest]: no resource found for suffixes {-context.xml, Context.groovy}.
01:08:16.077 [main] INFO org.springframework.test.context.support.AnnotationConfigContextLoaderUtils - Could not detect default configuration classes for test class [com.example.demo.SigetGrupo2ApplicationTest]: SigetGrupo2ApplicationTest does not declare any static, non-private, non-final, nested classes annotated with @Configuration.
01:08:16.134 [main] DEBUG org.springframework.test.context.support.ActiveProfilesUtils - Could not find an 'annotation declaring class' for annotation type [org.springframework.test.context.ActiveProfiles] and class [com.example.demo.SigetGrupo2ApplicationTest]
01:08:16.229 [main] DEBUG org.springframework.context.annotation.ClassPathScanningCandidateComponentProvider - Identified candidate component class: file [C:\Users\Lenovo\git\SIGET-Grupo-2\SIGET_Grupo_2\target\classes\com\example\demo\SigetGrupo2Application.class]
01:08:16.230 [main] INFO org.springframework.boot.test.context.SpringBootTestContextBootstrapper - Found @SpringBootConfiguration com.example.demo.SigetGrupo2Application for test class com.example.demo.SigetGrupo2ApplicationTest
01:08:16.454 [main] DEBUG org.springframework.boot.test.context.SpringBootTestContextBootstrapper - @TestExecutionListeners is not present for class [com.example.demo.SigetGrupo2ApplicationTest]: using defaults.
01:08:16.455 [main] INFO org.springframework.boot.test.context.SpringBootTestContextBootstrapper - Loaded default TestExecutionListener class names from location [META-INF/spring.factories]: [org.springframework.boot.test.mock.mockito.MockitoTestExecutionListener, org.springframework.boot.test.mock.mockito.ResetMocksTestExecutionListener, org.springframework.boot.test.autoconfigure.restdocs.RestDocsTestExecutionListener, org.springframework.boot.test.autoconfigure.web.client.MockRestServiceServerResetTestExecutionListener, org.springframework.boot.test.autoconfigure.web.servlet.MockMvcPrintOnlyOnFailureTestExecutionListener, org.springframework.boot.test.autoconfigure.web.servlet.WebDriverTestExecutionListener, org.springframework.boot.test.autoconfigure.webservices.client.MockWebServiceServerTestExecutionListener, org.springframework.test.context.web.ServletTestExecutionListener, org.springframework.test.context.support.DirtiesContextBeforeModesTestExecutionListener, org.springframework.test.context.support.DependencyInjectionTestExecutionListener, org.springframework.test.context.support.DirtiesContextTestExecutionListener, org.springframework.test.context.transaction.TransactionalTestExecutionListener, org.springframework.test.context.jdbc.SqlScriptsTestExecutionListener, org.springframework.test.context.event.EventPublishingTestExecutionListener]
01:08:16.511 [main] INFO org.springframework.boot.test.context.SpringBootTestContextBootstrapper - Using TestExecutionListeners: [org.springframework.test.context.web.ServletTestExecutionListener@125c082e, org.springframework.test.context.support.DirtiesContextBeforeModesTestExecutionListener@584f5497, org.springframework.boot.test.mock.mockito.MockitoTestExecutionListener@68ace111, org.springframework.boot.test.autoconfigure.SpringBootDependencyInjectionTestExecutionListener@1f9d6c7b, org.springframework.test.context.support.DirtiesContextTestExecutionListener@6df20ade, org.springframework.test.context.transaction.TransactionalTestExecutionListener@4fbb001b, org.springframework.test.context.jdbc.SqlScriptsTestExecutionListener@4010d494, org.springframework.test.context.event.EventPublishingTestExecutionListener@341a8659, org.springframework.boot.test.mock.mockito.ResetMocksTestExecutionListener@4943defe, org.springframework.boot.test.autoconfigure.restdocs.RestDocsTestExecutionListener@5eefa415, org.springframework.boot.test.autoconfigure.web.client.MockRestServiceServerResetTestExecutionListener@181d7f28, org.springframework.boot.test.autoconfigure.web.servlet.MockMvcPrintOnlyOnFailureTestExecutionListener@78d50a3c, org.springframework.boot.test.autoconfigure.web.servlet.WebDriverTestExecutionListener@2fb69ff6, org.springframework.boot.test.autoconfigure.webservices.client.MockWebServiceServerTestExecutionListener@cda4919]
01:08:16.553 [main] DEBUG org.springframework.test.context.support.TestPropertySourceUtils - Adding inlined properties to environment: {spring.jmx.enabled=false, org.springframework.boot.test.context.SpringBootTestContextBootstrapper=true}

  .   ____          _            __ _ _
 /\\ / ___'_ __ _ _(_)_ __  __ _ \ \ \ \
( ( )\___ | '_ | '_| | '_ \/ _` | \ \ \ \
 \\/  ___)| |_)| | | | | || (_| |  ) ) ) )
  '  |____| .__|_| |_|_| |_\__, | / / / /
 =========|_|==============|___/=/_/_/_/
 :: Spring Boot ::        (v2.3.4.RELEASE)

2020-10-26 01:08:16.967  INFO 7028 --- [           main] c.e.demo.SigetGrupo2ApplicationTest      : Starting SigetGrupo2ApplicationTest on DESKTOP-9MM7U64 with PID 7028 (started by Lenovo in C:\Users\Lenovo\git\SIGET-Grupo-2\SIGET_Grupo_2)
2020-10-26 01:08:16.973  INFO 7028 --- [           main] c.e.demo.SigetGrupo2ApplicationTest      : No active profile set, falling back to default profiles: default
2020-10-26 01:08:18.158  INFO 7028 --- [           main] .s.d.r.c.RepositoryConfigurationDelegate : Bootstrapping Spring Data MongoDB repositories in DEFAULT mode.
2020-10-26 01:08:18.181  INFO 7028 --- [           main] .s.d.r.c.RepositoryConfigurationDelegate : Finished Spring Data repository scanning in 17ms. Found 0 MongoDB repository interfaces.
2020-10-26 01:08:19.479  INFO 7028 --- [           main] o.s.s.concurrent.ThreadPoolTaskExecutor  : Initializing ExecutorService 'applicationTaskExecutor'
2020-10-26 01:08:20.049  INFO 7028 --- [           main] org.mongodb.driver.cluster               : Cluster created with settings {hosts=[127.0.0.1:27017], srvHost=cluster0.iokjk.mongodb.net, mode=MULTIPLE, requiredClusterType=REPLICA_SET, serverSelectionTimeout='30000 ms', requiredReplicaSetName='atlas-p5qx66-shard-0'}
2020-10-26 01:08:20.123  INFO 7028 --- [kjk.mongodb.net] org.mongodb.driver.cluster               : Adding discovered server cluster0-shard-00-01.iokjk.mongodb.net:27017 to client view of cluster
2020-10-26 01:08:20.198  INFO 7028 --- [kjk.mongodb.net] org.mongodb.driver.cluster               : Adding discovered server cluster0-shard-00-02.iokjk.mongodb.net:27017 to client view of cluster
2020-10-26 01:08:20.200  INFO 7028 --- [kjk.mongodb.net] org.mongodb.driver.cluster               : Adding discovered server cluster0-shard-00-00.iokjk.mongodb.net:27017 to client view of cluster
2020-10-26 01:08:20.878  INFO 7028 --- [           main] c.e.demo.SigetGrupo2ApplicationTest      : Started SigetGrupo2ApplicationTest in 4.303 seconds (JVM running for 6.766)
Usuario intentado logearse...
2020-10-26 01:08:21.162  INFO 7028 --- [ngodb.net:27017] org.mongodb.driver.connection            : Opened connection [connectionId{localValue:3, serverValue:286103}] to cluster0-shard-00-00.iokjk.mongodb.net:27017
2020-10-26 01:08:21.166  INFO 7028 --- [ngodb.net:27017] org.mongodb.driver.connection            : Opened connection [connectionId{localValue:1, serverValue:368059}] to cluster0-shard-00-01.iokjk.mongodb.net:27017
2020-10-26 01:08:21.170  INFO 7028 --- [ngodb.net:27017] org.mongodb.driver.connection            : Opened connection [connectionId{localValue:2, serverValue:282106}] to cluster0-shard-00-02.iokjk.mongodb.net:27017
2020-10-26 01:08:21.225  INFO 7028 --- [ngodb.net:27017] org.mongodb.driver.cluster               : Monitor thread successfully connected to server with description ServerDescription{address=cluster0-shard-00-02.iokjk.mongodb.net:27017, type=REPLICA_SET_SECONDARY, state=CONNECTED, ok=true, minWireVersion=0, maxWireVersion=8, maxDocumentSize=16777216, logicalSessionTimeoutMinutes=30, roundTripTimeNanos=52081400, setName='atlas-p5qx66-shard-0', canonicalAddress=cluster0-shard-00-02.iokjk.mongodb.net:27017, hosts=[cluster0-shard-00-00.iokjk.mongodb.net:27017, cluster0-shard-00-02.iokjk.mongodb.net:27017, cluster0-shard-00-01.iokjk.mongodb.net:27017], passives=[], arbiters=[], primary='cluster0-shard-00-01.iokjk.mongodb.net:27017', tagSet=TagSet{[Tag{name='nodeType', value='ELECTABLE'}, Tag{name='provider', value='AWS'}, Tag{name='region', value='EU_CENTRAL_1'}, Tag{name='workloadType', value='OPERATIONAL'}]}, electionId=null, setVersion=1, lastWriteDate=Mon Oct 26 01:08:20 CET 2020, lastUpdateTimeNanos=801742066956800}
2020-10-26 01:08:21.233  INFO 7028 --- [ngodb.net:27017] org.mongodb.driver.cluster               : Monitor thread successfully connected to server with description ServerDescription{address=cluster0-shard-00-01.iokjk.mongodb.net:27017, type=REPLICA_SET_PRIMARY, state=CONNECTED, ok=true, minWireVersion=0, maxWireVersion=8, maxDocumentSize=16777216, logicalSessionTimeoutMinutes=30, roundTripTimeNanos=64867300, setName='atlas-p5qx66-shard-0', canonicalAddress=cluster0-shard-00-01.iokjk.mongodb.net:27017, hosts=[cluster0-shard-00-00.iokjk.mongodb.net:27017, cluster0-shard-00-02.iokjk.mongodb.net:27017, cluster0-shard-00-01.iokjk.mongodb.net:27017], passives=[], arbiters=[], primary='cluster0-shard-00-01.iokjk.mongodb.net:27017', tagSet=TagSet{[Tag{name='nodeType', value='ELECTABLE'}, Tag{name='provider', value='AWS'}, Tag{name='region', value='EU_CENTRAL_1'}, Tag{name='workloadType', value='OPERATIONAL'}]}, electionId=7fffffff0000000000000007, setVersion=1, lastWriteDate=Mon Oct 26 01:08:20 CET 2020, lastUpdateTimeNanos=801742075322900}
2020-10-26 01:08:21.235  INFO 7028 --- [ngodb.net:27017] org.mongodb.driver.cluster               : Setting max election id to 7fffffff0000000000000007 from replica set primary cluster0-shard-00-01.iokjk.mongodb.net:27017
2020-10-26 01:08:21.236  INFO 7028 --- [ngodb.net:27017] org.mongodb.driver.cluster               : Setting max set version to 1 from replica set primary cluster0-shard-00-01.iokjk.mongodb.net:27017
2020-10-26 01:08:21.237  INFO 7028 --- [ngodb.net:27017] org.mongodb.driver.cluster               : Discovered replica set primary cluster0-shard-00-01.iokjk.mongodb.net:27017
2020-10-26 01:08:21.240  INFO 7028 --- [ngodb.net:27017] org.mongodb.driver.cluster               : Monitor thread successfully connected to server with description ServerDescription{address=cluster0-shard-00-00.iokjk.mongodb.net:27017, type=REPLICA_SET_SECONDARY, state=CONNECTED, ok=true, minWireVersion=0, maxWireVersion=8, maxDocumentSize=16777216, logicalSessionTimeoutMinutes=30, roundTripTimeNanos=76641100, setName='atlas-p5qx66-shard-0', canonicalAddress=cluster0-shard-00-00.iokjk.mongodb.net:27017, hosts=[cluster0-shard-00-00.iokjk.mongodb.net:27017, cluster0-shard-00-02.iokjk.mongodb.net:27017, cluster0-shard-00-01.iokjk.mongodb.net:27017], passives=[], arbiters=[], primary='cluster0-shard-00-01.iokjk.mongodb.net:27017', tagSet=TagSet{[Tag{name='nodeType', value='ELECTABLE'}, Tag{name='provider', value='AWS'}, Tag{name='region', value='EU_CENTRAL_1'}, Tag{name='workloadType', value='OPERATIONAL'}]}, electionId=null, setVersion=1, lastWriteDate=Mon Oct 26 01:08:20 CET 2020, lastUpdateTimeNanos=801742083518300}
]]></system-out>
  </testcase>
  <testcase name="El cliente hace la llamada POST /login a la API #2" classname="resources.CucumberTest" time="4.039">
    <failure message="Error en la llamada http" type="java.lang.AssertionError">java.lang.AssertionError: Error en la llamada http
</failure>
    <system-out><![CDATA[2020-10-26 01:08:25.320  INFO 7028 --- [           main] .b.t.c.SpringBootTestContextBootstrapper : Neither @ContextConfiguration nor @ContextHierarchy found for test class [com.example.demo.SigetGrupo2ApplicationTest], using SpringBootContextLoader
2020-10-26 01:08:25.322  INFO 7028 --- [           main] o.s.t.c.support.AbstractContextLoader    : Could not detect default resource locations for test class [com.example.demo.SigetGrupo2ApplicationTest]: no resource found for suffixes {-context.xml, Context.groovy}.
2020-10-26 01:08:25.322  INFO 7028 --- [           main] t.c.s.AnnotationConfigContextLoaderUtils : Could not detect default configuration classes for test class [com.example.demo.SigetGrupo2ApplicationTest]: SigetGrupo2ApplicationTest does not declare any static, non-private, non-final, nested classes annotated with @Configuration.
2020-10-26 01:08:25.325  INFO 7028 --- [           main] .b.t.c.SpringBootTestContextBootstrapper : Found @SpringBootConfiguration com.example.demo.SigetGrupo2Application for test class com.example.demo.SigetGrupo2ApplicationTest
2020-10-26 01:08:25.331  INFO 7028 --- [           main] .b.t.c.SpringBootTestContextBootstrapper : Loaded default TestExecutionListener class names from location [META-INF/spring.factories]: [org.springframework.boot.test.mock.mockito.MockitoTestExecutionListener, org.springframework.boot.test.mock.mockito.ResetMocksTestExecutionListener, org.springframework.boot.test.autoconfigure.restdocs.RestDocsTestExecutionListener, org.springframework.boot.test.autoconfigure.web.client.MockRestServiceServerResetTestExecutionListener, org.springframework.boot.test.autoconfigure.web.servlet.MockMvcPrintOnlyOnFailureTestExecutionListener, org.springframework.boot.test.autoconfigure.web.servlet.WebDriverTestExecutionListener, org.springframework.boot.test.autoconfigure.webservices.client.MockWebServiceServerTestExecutionListener, org.springframework.test.context.web.ServletTestExecutionListener, org.springframework.test.context.support.DirtiesContextBeforeModesTestExecutionListener, org.springframework.test.context.support.DependencyInjectionTestExecutionListener, org.springframework.test.context.support.DirtiesContextTestExecutionListener, org.springframework.test.context.transaction.TransactionalTestExecutionListener, org.springframework.test.context.jdbc.SqlScriptsTestExecutionListener, org.springframework.test.context.event.EventPublishingTestExecutionListener]
2020-10-26 01:08:25.332  INFO 7028 --- [           main] .b.t.c.SpringBootTestContextBootstrapper : Using TestExecutionListeners: [org.springframework.test.context.web.ServletTestExecutionListener@4c2c44e8, org.springframework.test.context.support.DirtiesContextBeforeModesTestExecutionListener@7103745, org.springframework.boot.test.mock.mockito.MockitoTestExecutionListener@227a933d, org.springframework.boot.test.autoconfigure.SpringBootDependencyInjectionTestExecutionListener@25de8898, org.springframework.test.context.support.DirtiesContextTestExecutionListener@bfb93cf, org.springframework.test.context.transaction.TransactionalTestExecutionListener@dd737ea, org.springframework.test.context.jdbc.SqlScriptsTestExecutionListener@7bc2ae16, org.springframework.test.context.event.EventPublishingTestExecutionListener@2a0963be, org.springframework.boot.test.mock.mockito.ResetMocksTestExecutionListener@7d3bf8db, org.springframework.boot.test.autoconfigure.restdocs.RestDocsTestExecutionListener@49e7e8f1, org.springframework.boot.test.autoconfigure.web.client.MockRestServiceServerResetTestExecutionListener@27bb4dc5, org.springframework.boot.test.autoconfigure.web.servlet.MockMvcPrintOnlyOnFailureTestExecutionListener@464ede1f, org.springframework.boot.test.autoconfigure.web.servlet.WebDriverTestExecutionListener@64910b2d, org.springframework.boot.test.autoconfigure.webservices.client.MockWebServiceServerTestExecutionListener@1247c72e]
Usuario intentado logearse...
]]></system-out>
  </testcase>
  <testcase name="El cliente hace la llamada POST /login a la API #3" classname="resources.CucumberTest" time="4.047">
    <failure message="Error en la llamada http" type="java.lang.AssertionError">java.lang.AssertionError: Error en la llamada http
</failure>
    <system-out><![CDATA[2020-10-26 01:08:29.364  INFO 7028 --- [           main] .b.t.c.SpringBootTestContextBootstrapper : Neither @ContextConfiguration nor @ContextHierarchy found for test class [com.example.demo.SigetGrupo2ApplicationTest], using SpringBootContextLoader
2020-10-26 01:08:29.367  INFO 7028 --- [           main] o.s.t.c.support.AbstractContextLoader    : Could not detect default resource locations for test class [com.example.demo.SigetGrupo2ApplicationTest]: no resource found for suffixes {-context.xml, Context.groovy}.
2020-10-26 01:08:29.368  INFO 7028 --- [           main] t.c.s.AnnotationConfigContextLoaderUtils : Could not detect default configuration classes for test class [com.example.demo.SigetGrupo2ApplicationTest]: SigetGrupo2ApplicationTest does not declare any static, non-private, non-final, nested classes annotated with @Configuration.
2020-10-26 01:08:29.372  INFO 7028 --- [           main] .b.t.c.SpringBootTestContextBootstrapper : Found @SpringBootConfiguration com.example.demo.SigetGrupo2Application for test class com.example.demo.SigetGrupo2ApplicationTest
2020-10-26 01:08:29.378  INFO 7028 --- [           main] .b.t.c.SpringBootTestContextBootstrapper : Loaded default TestExecutionListener class names from location [META-INF/spring.factories]: [org.springframework.boot.test.mock.mockito.MockitoTestExecutionListener, org.springframework.boot.test.mock.mockito.ResetMocksTestExecutionListener, org.springframework.boot.test.autoconfigure.restdocs.RestDocsTestExecutionListener, org.springframework.boot.test.autoconfigure.web.client.MockRestServiceServerResetTestExecutionListener, org.springframework.boot.test.autoconfigure.web.servlet.MockMvcPrintOnlyOnFailureTestExecutionListener, org.springframework.boot.test.autoconfigure.web.servlet.WebDriverTestExecutionListener, org.springframework.boot.test.autoconfigure.webservices.client.MockWebServiceServerTestExecutionListener, org.springframework.test.context.web.ServletTestExecutionListener, org.springframework.test.context.support.DirtiesContextBeforeModesTestExecutionListener, org.springframework.test.context.support.DependencyInjectionTestExecutionListener, org.springframework.test.context.support.DirtiesContextTestExecutionListener, org.springframework.test.context.transaction.TransactionalTestExecutionListener, org.springframework.test.context.jdbc.SqlScriptsTestExecutionListener, org.springframework.test.context.event.EventPublishingTestExecutionListener]
2020-10-26 01:08:29.380  INFO 7028 --- [           main] .b.t.c.SpringBootTestContextBootstrapper : Using TestExecutionListeners: [org.springframework.test.context.web.ServletTestExecutionListener@5b7308aa, org.springframework.test.context.support.DirtiesContextBeforeModesTestExecutionListener@42aa1324, org.springframework.boot.test.mock.mockito.MockitoTestExecutionListener@6164e137, org.springframework.boot.test.autoconfigure.SpringBootDependencyInjectionTestExecutionListener@7ef8e623, org.springframework.test.context.support.DirtiesContextTestExecutionListener@3d8d970e, org.springframework.test.context.transaction.TransactionalTestExecutionListener@2fac80a8, org.springframework.test.context.jdbc.SqlScriptsTestExecutionListener@6987a133, org.springframework.test.context.event.EventPublishingTestExecutionListener@50778bde, org.springframework.boot.test.mock.mockito.ResetMocksTestExecutionListener@1934339, org.springframework.boot.test.autoconfigure.restdocs.RestDocsTestExecutionListener@4af12a63, org.springframework.boot.test.autoconfigure.web.client.MockRestServiceServerResetTestExecutionListener@1eab8437, org.springframework.boot.test.autoconfigure.web.servlet.MockMvcPrintOnlyOnFailureTestExecutionListener@72eed547, org.springframework.boot.test.autoconfigure.web.servlet.WebDriverTestExecutionListener@69ffdaa8, org.springframework.boot.test.autoconfigure.webservices.client.MockWebServiceServerTestExecutionListener@2a1e57c6]
Usuario intentado logearse...
]]></system-out>
  </testcase>
  <testcase name="El cliente hace la llamada POST /login a la API #4" classname="resources.CucumberTest" time="4.05">
    <failure message="Error en la llamada http" type="java.lang.AssertionError">java.lang.AssertionError: Error en la llamada http
</failure>
    <system-out><![CDATA[2020-10-26 01:08:33.413  INFO 7028 --- [           main] .b.t.c.SpringBootTestContextBootstrapper : Neither @ContextConfiguration nor @ContextHierarchy found for test class [com.example.demo.SigetGrupo2ApplicationTest], using SpringBootContextLoader
2020-10-26 01:08:33.417  INFO 7028 --- [           main] o.s.t.c.support.AbstractContextLoader    : Could not detect default resource locations for test class [com.example.demo.SigetGrupo2ApplicationTest]: no resource found for suffixes {-context.xml, Context.groovy}.
2020-10-26 01:08:33.418  INFO 7028 --- [           main] t.c.s.AnnotationConfigContextLoaderUtils : Could not detect default configuration classes for test class [com.example.demo.SigetGrupo2ApplicationTest]: SigetGrupo2ApplicationTest does not declare any static, non-private, non-final, nested classes annotated with @Configuration.
2020-10-26 01:08:33.424  INFO 7028 --- [           main] .b.t.c.SpringBootTestContextBootstrapper : Found @SpringBootConfiguration com.example.demo.SigetGrupo2Application for test class com.example.demo.SigetGrupo2ApplicationTest
2020-10-26 01:08:33.433  INFO 7028 --- [           main] .b.t.c.SpringBootTestContextBootstrapper : Loaded default TestExecutionListener class names from location [META-INF/spring.factories]: [org.springframework.boot.test.mock.mockito.MockitoTestExecutionListener, org.springframework.boot.test.mock.mockito.ResetMocksTestExecutionListener, org.springframework.boot.test.autoconfigure.restdocs.RestDocsTestExecutionListener, org.springframework.boot.test.autoconfigure.web.client.MockRestServiceServerResetTestExecutionListener, org.springframework.boot.test.autoconfigure.web.servlet.MockMvcPrintOnlyOnFailureTestExecutionListener, org.springframework.boot.test.autoconfigure.web.servlet.WebDriverTestExecutionListener, org.springframework.boot.test.autoconfigure.webservices.client.MockWebServiceServerTestExecutionListener, org.springframework.test.context.web.ServletTestExecutionListener, org.springframework.test.context.support.DirtiesContextBeforeModesTestExecutionListener, org.springframework.test.context.support.DependencyInjectionTestExecutionListener, org.springframework.test.context.support.DirtiesContextTestExecutionListener, org.springframework.test.context.transaction.TransactionalTestExecutionListener, org.springframework.test.context.jdbc.SqlScriptsTestExecutionListener, org.springframework.test.context.event.EventPublishingTestExecutionListener]
2020-10-26 01:08:33.435  INFO 7028 --- [           main] .b.t.c.SpringBootTestContextBootstrapper : Using TestExecutionListeners: [org.springframework.test.context.web.ServletTestExecutionListener@6c96403e, org.springframework.test.context.support.DirtiesContextBeforeModesTestExecutionListener@7babed9e, org.springframework.boot.test.mock.mockito.MockitoTestExecutionListener@2353354a, org.springframework.boot.test.autoconfigure.SpringBootDependencyInjectionTestExecutionListener@7c7ed72a, org.springframework.test.context.support.DirtiesContextTestExecutionListener@22b7ef2b, org.springframework.test.context.transaction.TransactionalTestExecutionListener@6d421fe, org.springframework.test.context.jdbc.SqlScriptsTestExecutionListener@3c17bd0b, org.springframework.test.context.event.EventPublishingTestExecutionListener@36dafa24, org.springframework.boot.test.mock.mockito.ResetMocksTestExecutionListener@2b098563, org.springframework.boot.test.autoconfigure.restdocs.RestDocsTestExecutionListener@c758a2d, org.springframework.boot.test.autoconfigure.web.client.MockRestServiceServerResetTestExecutionListener@d0b814d, org.springframework.boot.test.autoconfigure.web.servlet.MockMvcPrintOnlyOnFailureTestExecutionListener@6ce15112, org.springframework.boot.test.autoconfigure.web.servlet.WebDriverTestExecutionListener@ba4f370, org.springframework.boot.test.autoconfigure.webservices.client.MockWebServiceServerTestExecutionListener@2ba024cb]
Usuario intentado logearse...
]]></system-out>
  </testcase>
</testsuite>