<?xml version="1.0" encoding="UTF-8"?>
<testsuite xmlns:xsi="http://www.w3.org/2001/XMLSchema-instance" xsi:noNamespaceSchemaLocation="https://maven.apache.org/surefire/maven-surefire-plugin/xsd/surefire-test-report.xsd" name="resources.CucumberTest" time="2.641" tests="2" errors="2" skipped="0" failures="0">
  <properties>
[...]
</properties>
  <testcase name="El cliente llama al post de aceptar la reunion #1" classname="resources.CucumberTest" time="2.612">
    <error message="Duplicate step definitions in com.example.demo.PasosLogin.el_cliente_recibe_la_respuesta_de_que_el_login_es_correcto(java.lang.String) and com.example.demo.aceptarReunion.el_usuario_recibe_la_respuesta_de_aceptar_la_reunion(java.lang.String)" type="io.cucumber.core.runner.DuplicateStepDefinitionException">io.cucumber.core.runner.DuplicateStepDefinitionException: Duplicate step definitions in com.example.demo.PasosLogin.el_cliente_recibe_la_respuesta_de_que_el_login_es_correcto(java.lang.String) and com.example.demo.aceptarReunion.el_usuario_recibe_la_respuesta_de_aceptar_la_reunion(java.lang.String)
</error>
    <system-out><![CDATA[12:09:50.004 [main] DEBUG org.springframework.test.context.BootstrapUtils - Instantiating CacheAwareContextLoaderDelegate from class [org.springframework.test.context.cache.DefaultCacheAwareContextLoaderDelegate]
12:09:50.015 [main] DEBUG org.springframework.test.context.BootstrapUtils - Instantiating BootstrapContext using constructor [public org.springframework.test.context.support.DefaultBootstrapContext(java.lang.Class,org.springframework.test.context.CacheAwareContextLoaderDelegate)]
12:09:50.040 [main] DEBUG org.springframework.test.context.BootstrapUtils - Instantiating TestContextBootstrapper for test class [com.example.demo.SigetGrupo2ApplicationTest] from class [org.springframework.boot.test.context.SpringBootTestContextBootstrapper]
12:09:50.057 [main] INFO org.springframework.boot.test.context.SpringBootTestContextBootstrapper - Neither @ContextConfiguration nor @ContextHierarchy found for test class [com.example.demo.SigetGrupo2ApplicationTest], using SpringBootContextLoader
12:09:50.060 [main] DEBUG org.springframework.test.context.support.AbstractContextLoader - Did not detect default resource location for test class [com.example.demo.SigetGrupo2ApplicationTest]: class path resource [com/example/demo/SigetGrupo2ApplicationTest-context.xml] does not exist
12:09:50.061 [main] DEBUG org.springframework.test.context.support.AbstractContextLoader - Did not detect default resource location for test class [com.example.demo.SigetGrupo2ApplicationTest]: class path resource [com/example/demo/SigetGrupo2ApplicationTestContext.groovy] does not exist
12:09:50.061 [main] INFO org.springframework.test.context.support.AbstractContextLoader - Could not detect default resource locations for test class [com.example.demo.SigetGrupo2ApplicationTest]: no resource found for suffixes {-context.xml, Context.groovy}.
12:09:50.062 [main] INFO org.springframework.test.context.support.AnnotationConfigContextLoaderUtils - Could not detect default configuration classes for test class [com.example.demo.SigetGrupo2ApplicationTest]: SigetGrupo2ApplicationTest does not declare any static, non-private, non-final, nested classes annotated with @Configuration.
12:09:50.100 [main] DEBUG org.springframework.test.context.support.ActiveProfilesUtils - Could not find an 'annotation declaring class' for annotation type [org.springframework.test.context.ActiveProfiles] and class [com.example.demo.SigetGrupo2ApplicationTest]
12:09:50.159 [main] DEBUG org.springframework.context.annotation.ClassPathScanningCandidateComponentProvider - Identified candidate component class: file [/Users/africasimonsesmero/git/SIGET-Grupo-2/SIGET_Grupo_2/target/classes/com/example/demo/SigetGrupo2Application.class]
12:09:50.159 [main] INFO org.springframework.boot.test.context.SpringBootTestContextBootstrapper - Found @SpringBootConfiguration com.example.demo.SigetGrupo2Application for test class com.example.demo.SigetGrupo2ApplicationTest
12:09:50.240 [main] DEBUG org.springframework.boot.test.context.SpringBootTestContextBootstrapper - @TestExecutionListeners is not present for class [com.example.demo.SigetGrupo2ApplicationTest]: using defaults.
12:09:50.241 [main] INFO org.springframework.boot.test.context.SpringBootTestContextBootstrapper - Loaded default TestExecutionListener class names from location [META-INF/spring.factories]: [org.springframework.boot.test.mock.mockito.MockitoTestExecutionListener, org.springframework.boot.test.mock.mockito.ResetMocksTestExecutionListener, org.springframework.boot.test.autoconfigure.restdocs.RestDocsTestExecutionListener, org.springframework.boot.test.autoconfigure.web.client.MockRestServiceServerResetTestExecutionListener, org.springframework.boot.test.autoconfigure.web.servlet.MockMvcPrintOnlyOnFailureTestExecutionListener, org.springframework.boot.test.autoconfigure.web.servlet.WebDriverTestExecutionListener, org.springframework.boot.test.autoconfigure.webservices.client.MockWebServiceServerTestExecutionListener, org.springframework.test.context.web.ServletTestExecutionListener, org.springframework.test.context.support.DirtiesContextBeforeModesTestExecutionListener, org.springframework.test.context.support.DependencyInjectionTestExecutionListener, org.springframework.test.context.support.DirtiesContextTestExecutionListener, org.springframework.test.context.transaction.TransactionalTestExecutionListener, org.springframework.test.context.jdbc.SqlScriptsTestExecutionListener, org.springframework.test.context.event.EventPublishingTestExecutionListener]
12:09:50.256 [main] INFO org.springframework.boot.test.context.SpringBootTestContextBootstrapper - Using TestExecutionListeners: [org.springframework.test.context.web.ServletTestExecutionListener@72f46e16, org.springframework.test.context.support.DirtiesContextBeforeModesTestExecutionListener@3c9168dc, org.springframework.boot.test.mock.mockito.MockitoTestExecutionListener@332a7fce, org.springframework.boot.test.autoconfigure.SpringBootDependencyInjectionTestExecutionListener@549621f3, org.springframework.test.context.support.DirtiesContextTestExecutionListener@54361a9, org.springframework.test.context.transaction.TransactionalTestExecutionListener@32232e55, org.springframework.test.context.jdbc.SqlScriptsTestExecutionListener@5217f3d0, org.springframework.test.context.event.EventPublishingTestExecutionListener@37ebc9d8, org.springframework.boot.test.mock.mockito.ResetMocksTestExecutionListener@293bb8a5, org.springframework.boot.test.autoconfigure.restdocs.RestDocsTestExecutionListener@2416a51, org.springframework.boot.test.autoconfigure.web.client.MockRestServiceServerResetTestExecutionListener@6fa590ba, org.springframework.boot.test.autoconfigure.web.servlet.MockMvcPrintOnlyOnFailureTestExecutionListener@6e9319f, org.springframework.boot.test.autoconfigure.web.servlet.WebDriverTestExecutionListener@72e34f77, org.springframework.boot.test.autoconfigure.webservices.client.MockWebServiceServerTestExecutionListener@7bf9b098]
12:09:50.278 [main] DEBUG org.springframework.test.context.support.TestPropertySourceUtils - Adding inlined properties to environment: {spring.jmx.enabled=false, org.springframework.boot.test.context.SpringBootTestContextBootstrapper=true}

  .   ____          _            __ _ _
 /\\ / ___'_ __ _ _(_)_ __  __ _ \ \ \ \
( ( )\___ | '_ | '_| | '_ \/ _` | \ \ \ \
 \\/  ___)| |_)| | | | | || (_| |  ) ) ) )
  '  |____| .__|_| |_|_| |_\__, | / / / /
 =========|_|==============|___/=/_/_/_/
 :: Spring Boot ::        (v2.3.4.RELEASE)

2020-10-29 12:09:50.689  INFO 4909 --- [           main] c.e.demo.SigetGrupo2ApplicationTest      : Starting SigetGrupo2ApplicationTest on MacBook-Pro-de-Africa.local with PID 4909 (started by africasimonsesmero in /Users/africasimonsesmero/git/SIGET-Grupo-2/SIGET_Grupo_2)
2020-10-29 12:09:50.690  INFO 4909 --- [           main] c.e.demo.SigetGrupo2ApplicationTest      : No active profile set, falling back to default profiles: default
2020-10-29 12:09:51.033  INFO 4909 --- [           main] .s.d.r.c.RepositoryConfigurationDelegate : Bootstrapping Spring Data MongoDB repositories in DEFAULT mode.
2020-10-29 12:09:51.075  INFO 4909 --- [           main] .s.d.r.c.RepositoryConfigurationDelegate : Finished Spring Data repository scanning in 36ms. Found 2 MongoDB repository interfaces.
2020-10-29 12:09:51.537  INFO 4909 --- [           main] org.mongodb.driver.cluster               : Cluster created with settings {hosts=[127.0.0.1:27017], srvHost=cluster0.iokjk.mongodb.net, mode=MULTIPLE, requiredClusterType=REPLICA_SET, serverSelectionTimeout='30000 ms', requiredReplicaSetName='atlas-p5qx66-shard-0'}
2020-10-29 12:09:51.720  INFO 4909 --- [kjk.mongodb.net] org.mongodb.driver.cluster               : Adding discovered server cluster0-shard-00-01.iokjk.mongodb.net:27017 to client view of cluster
2020-10-29 12:09:51.743  INFO 4909 --- [kjk.mongodb.net] org.mongodb.driver.cluster               : Adding discovered server cluster0-shard-00-02.iokjk.mongodb.net:27017 to client view of cluster
2020-10-29 12:09:51.744  INFO 4909 --- [kjk.mongodb.net] org.mongodb.driver.cluster               : Adding discovered server cluster0-shard-00-00.iokjk.mongodb.net:27017 to client view of cluster
2020-10-29 12:09:52.188  INFO 4909 --- [           main] o.s.s.concurrent.ThreadPoolTaskExecutor  : Initializing ExecutorService 'applicationTaskExecutor'
2020-10-29 12:09:52.192  INFO 4909 --- [ngodb.net:27017] org.mongodb.driver.connection            : Opened connection [connectionId{localValue:3, serverValue:354095}] to cluster0-shard-00-00.iokjk.mongodb.net:27017
2020-10-29 12:09:52.248  INFO 4909 --- [ngodb.net:27017] org.mongodb.driver.cluster               : Monitor thread successfully connected to server with description ServerDescription{address=cluster0-shard-00-00.iokjk.mongodb.net:27017, type=REPLICA_SET_SECONDARY, state=CONNECTED, ok=true, minWireVersion=0, maxWireVersion=8, maxDocumentSize=16777216, logicalSessionTimeoutMinutes=30, roundTripTimeNanos=43723378, setName='atlas-p5qx66-shard-0', canonicalAddress=cluster0-shard-00-00.iokjk.mongodb.net:27017, hosts=[cluster0-shard-00-00.iokjk.mongodb.net:27017, cluster0-shard-00-02.iokjk.mongodb.net:27017, cluster0-shard-00-01.iokjk.mongodb.net:27017], passives=[], arbiters=[], primary='cluster0-shard-00-01.iokjk.mongodb.net:27017', tagSet=TagSet{[Tag{name='nodeType', value='ELECTABLE'}, Tag{name='provider', value='AWS'}, Tag{name='region', value='EU_CENTRAL_1'}, Tag{name='workloadType', value='OPERATIONAL'}]}, electionId=null, setVersion=1, lastWriteDate=Thu Oct 29 12:09:52 CET 2020, lastUpdateTimeNanos=53858367386181}
2020-10-29 12:09:52.401  INFO 4909 --- [           main] c.e.demo.SigetGrupo2ApplicationTest      : Started SigetGrupo2ApplicationTest in 2.112 seconds (JVM running for 3.284)
2020-10-29 12:09:52.402  INFO 4909 --- [ngodb.net:27017] org.mongodb.driver.connection            : Opened connection [connectionId{localValue:1, serverValue:441576}] to cluster0-shard-00-01.iokjk.mongodb.net:27017
]]></system-out>
  </testcase>
  <testcase name="resources.CucumberTest" classname="resources.CucumberTest" time="2.622">
    <error type="org.junit.runner.notification.StoppedByUserException">org.junit.runner.notification.StoppedByUserException
</error>
    <system-out><![CDATA[2020-10-29 12:09:52.445  INFO 4909 --- [ngodb.net:27017] org.mongodb.driver.cluster               : Monitor thread successfully connected to server with description ServerDescription{address=cluster0-shard-00-01.iokjk.mongodb.net:27017, type=REPLICA_SET_PRIMARY, state=CONNECTED, ok=true, minWireVersion=0, maxWireVersion=8, maxDocumentSize=16777216, logicalSessionTimeoutMinutes=30, roundTripTimeNanos=42401466, setName='atlas-p5qx66-shard-0', canonicalAddress=cluster0-shard-00-01.iokjk.mongodb.net:27017, hosts=[cluster0-shard-00-00.iokjk.mongodb.net:27017, cluster0-shard-00-02.iokjk.mongodb.net:27017, cluster0-shard-00-01.iokjk.mongodb.net:27017], passives=[], arbiters=[], primary='cluster0-shard-00-01.iokjk.mongodb.net:27017', tagSet=TagSet{[Tag{name='nodeType', value='ELECTABLE'}, Tag{name='provider', value='AWS'}, Tag{name='region', value='EU_CENTRAL_1'}, Tag{name='workloadType', value='OPERATIONAL'}]}, electionId=7fffffff0000000000000007, setVersion=1, lastWriteDate=Thu Oct 29 12:09:52 CET 2020, lastUpdateTimeNanos=53858574956922}
2020-10-29 12:09:52.445  INFO 4909 --- [ngodb.net:27017] org.mongodb.driver.cluster               : Setting max election id to 7fffffff0000000000000007 from replica set primary cluster0-shard-00-01.iokjk.mongodb.net:27017
2020-10-29 12:09:52.445  INFO 4909 --- [ngodb.net:27017] org.mongodb.driver.cluster               : Setting max set version to 1 from replica set primary cluster0-shard-00-01.iokjk.mongodb.net:27017
2020-10-29 12:09:52.445  INFO 4909 --- [ngodb.net:27017] org.mongodb.driver.cluster               : Discovered replica set primary cluster0-shard-00-01.iokjk.mongodb.net:27017
2020-10-29 12:09:52.449  INFO 4909 --- [ngodb.net:27017] org.mongodb.driver.connection            : Opened connection [connectionId{localValue:2, serverValue:353272}] to cluster0-shard-00-02.iokjk.mongodb.net:27017
]]></system-out>
    <system-err><![CDATA[&amp#27;[32m&amp#27;[1m┌─────────────────────────────────────────────────────────────────────────────┐&amp#27;[0m
&amp#27;[32m&amp#27;[1m│&amp#27;[0m Share your Cucumber Report with your team at &amp#27;[36m&amp#27;[1m&amp#27;[4mhttps://reports.cucumber.io&amp#27;[0m    &amp#27;[32m&amp#27;[1m│&amp#27;[0m
&amp#27;[32m&amp#27;[1m│&amp#27;[0m Activate publishing with one of the following:                              &amp#27;[32m&amp#27;[1m│&amp#27;[0m
&amp#27;[32m&amp#27;[1m│&amp#27;[0m                                                                             &amp#27;[32m&amp#27;[1m│&amp#27;[0m
&amp#27;[32m&amp#27;[1m│&amp#27;[0m src/test/resources/cucumber.properties:    &amp#27;[36mcucumber.publish.enabled&amp#27;[0m=&amp#27;[36mtrue&amp#27;[0m    &amp#27;[32m&amp#27;[1m│&amp#27;[0m
&amp#27;[32m&amp#27;[1m│&amp#27;[0m Environment variable:                      &amp#27;[36mCUCUMBER_PUBLISH_ENABLED&amp#27;[0m=&amp#27;[36mtrue&amp#27;[0m    &amp#27;[32m&amp#27;[1m│&amp#27;[0m
&amp#27;[32m&amp#27;[1m│&amp#27;[0m JUnit:                                     &amp#27;[36m@CucumberOptions&amp#27;[0m(publish = &amp#27;[36mtrue&amp#27;[0m) &amp#27;[32m&amp#27;[1m│&amp#27;[0m
&amp#27;[32m&amp#27;[1m│&amp#27;[0m                                                                             &amp#27;[32m&amp#27;[1m│&amp#27;[0m
&amp#27;[32m&amp#27;[1m│&amp#27;[0m More information at &amp#27;[36mhttps://reports.cucumber.io/docs/cucumber-jvm&amp#27;[0m           &amp#27;[32m&amp#27;[1m│&amp#27;[0m
&amp#27;[32m&amp#27;[1m│&amp#27;[0m                                                                             &amp#27;[32m&amp#27;[1m│&amp#27;[0m
&amp#27;[32m&amp#27;[1m│&amp#27;[0m To disable this message, add &amp#27;[1mcucumber.publish.quiet&amp#27;[0m&amp#27;[1m=&amp#27;[0m&amp#27;[1mtrue&amp#27;[0m to                 &amp#27;[32m&amp#27;[1m│&amp#27;[0m
&amp#27;[32m&amp#27;[1m│&amp#27;[0m &amp#27;[1msrc/test/resources/cucumber.properties&amp#27;[0m                                      &amp#27;[32m&amp#27;[1m│&amp#27;[0m
&amp#27;[32m&amp#27;[1m└─────────────────────────────────────────────────────────────────────────────┘&amp#27;[0m
]]></system-err>
  </testcase>
</testsuite>